#
# A fatal error has been detected by the Java Runtime Environment:
#
#  EXCEPTION_ACCESS_VIOLATION (0xc0000005) at pc=0x6b8159a2, pid=6176, tid=0x00002f80
#
# JRE version: Java(TM) SE Runtime Environment (8.0_111-b14) (build 1.8.0_111-b14)
# Java VM: Java HotSpot(TM) Client VM (25.111-b14 mixed mode windows-x86 )
# Problematic frame:
# C  [t2k.dll+0x159a2]
#
# Failed to write core dump. Minidumps are not enabled by default on client versions of Windows
#
# If you would like to submit a bug report, please visit:
#   http://bugreport.java.com/bugreport/crash.jsp
# The crash happened outside the Java Virtual Machine in native code.
# See problematic frame for where to report the bug.
#

---------------  T H R E A D  ---------------

Current thread (0x14c19800):  JavaThread "SimulationThread" [_thread_in_native, id=12160, stack(0x18350000,0x183a0000)]

siginfo: ExceptionCode=0xc0000005, reading address 0x06c9df23

Registers:
EAX=0x00000800, EBX=0x00000000, ECX=0x06c9defb, EDX=0x14c19940
ESP=0x1839e37c, EBP=0x1839e3a8, ESI=0x17c52d50, EDI=0x14c19800
EIP=0x6b8159a2, EFLAGS=0x00010202

Top of Stack: (sp=0x1839e37c)
0x1839e37c:   01d56321 14c19940 1839e390 17c52d50
0x1839e38c:   00000000 094907e8 2a8f05b7 1839ecb8
0x1839e39c:   01d06b54 0945bc70 03ca8670 1839ecb8
0x1839e3ac:   01d73f90 17c52d50 00000000 0945bd18
0x1839e3bc:   00000010 14c19800 1839e3f4 0945b9f8
0x1839e3cc:   0947b8d8 094907e8 01c951d6 00000001
0x1839e3dc:   094907e8 03ca8610 0945b938 0945b938
0x1839e3ec:   00000001 0947b8d8 09150a48 1839ecb8 

Instructions: (pc=0x6b8159a2)
0x6b815982:   5e 5b c9 c2 24 00 8b 4c 24 0c b8 00 08 00 00 85
0x6b815992:   c9 74 18 8b 49 08 8b 89 2c 01 00 00 85 c9 74 0b
0x6b8159a2:   8b 49 28 85 c9 74 04 0f b7 41 16 99 c2 10 00 55
0x6b8159b2:   8b ec 56 ff 75 18 ff 75 14 e8 c2 e6 ff ff ff 75 


Register to memory mapping:

EAX=0x00000800 is an unknown value
EBX=0x00000000 is an unknown value
ECX=0x06c9defb is an unallocated location in the heap
EDX=0x14c19940 is an unknown value
ESP=0x1839e37c is pointing into the stack for thread: 0x14c19800
EBP=0x1839e3a8 is pointing into the stack for thread: 0x14c19800
ESI=0x17c52d50 is an unknown value
EDI=0x14c19800 is a thread


Stack: [0x18350000,0x183a0000],  sp=0x1839e37c,  free space=312k
Native frames: (J=compiled Java code, j=interpreted, Vv=VM code, C=native code)
C  [t2k.dll+0x159a2]
J 1064 C1 sun.font.T2KFontScaler.getUnitsPerEm()J (25 bytes) @ 0x01d73f90 [0x01d73d10+0x280]
J 1063 C1 sun.font.FileFont.getUnitsPerEm()J (8 bytes) @ 0x01d73acc [0x01d73a90+0x3c]
J 1057 C1 sun.font.SunLayoutEngine.layout(Lsun/font/FontStrikeDesc;[FIILsun/font/TextRecord;ILjava/awt/geom/Point2D$Float;Lsun/font/GlyphLayout$GVData;)V (102 bytes) @ 0x01d721fc [0x01d72090+0x16c]
J 1050 C1 sun.font.GlyphLayout$EngineRecord.layout()V (101 bytes) @ 0x01d71320 [0x01d71250+0xd0]
J 738 C1 sun.font.GlyphLayout.layout(Ljava/awt/Font;Ljava/awt/font/FontRenderContext;[CIIILsun/font/StandardGlyphVector;)Lsun/font/StandardGlyphVector; (668 bytes) @ 0x01cf2094 [0x01cf18a0+0x7f4]
J 1033 C1 sun.font.ExtendedTextSourceLabel.createGV()Lsun/font/StandardGlyphVector; (79 bytes) @ 0x01d6be84 [0x01d6bda0+0xe4]
J 1031 C1 sun.font.ExtendedTextSourceLabel.getAdvance()F (24 bytes) @ 0x01d6b7a0 [0x01d6b760+0x40]
J 817 C1 java.awt.font.TextLine.init()V (1056 bytes) @ 0x01d13368 [0x01d12b50+0x818]
J 1025 C1 java.awt.font.TextLine.<init>(Ljava/awt/font/FontRenderContext;[Lsun/font/TextLineComponent;[F[CII[I[BZ)V (83 bytes) @ 0x01d6a660 [0x01d6a560+0x100]
J 668 C1 java.awt.font.TextLine.fastCreateTextLine(Ljava/awt/font/FontRenderContext;[CLjava/awt/Font;Lsun/font/CoreMetrics;Ljava/util/Map;)Ljava/awt/font/TextLine; (341 bytes) @ 0x01ce0ecc [0x01ce0720+0x7ac]
J 1004 C1 java.awt.font.TextLayout.fastInit([CLjava/awt/Font;Ljava/util/Map;Ljava/awt/font/FontRenderContext;)V (90 bytes) @ 0x01d625e4 [0x01d624e0+0x104]
J 1002 C1 java.awt.font.TextLayout.<init>(Ljava/lang/String;Ljava/awt/Font;Ljava/awt/font/FontRenderContext;)V (180 bytes) @ 0x01d61c04 [0x01d61a00+0x204]
J 815 C1 greenfoot.util.GraphicsUtilities.getMultiLineStringDimensions([Ljava/lang/String;ID)Lgreenfoot/util/GraphicsUtilities$MultiLineStringDimensions; (294 bytes) @ 0x01d105a8 [0x01d0fad0+0xad8]
J 995 C1 greenfoot.GreenfootImage.<init>(Ljava/lang/String;ILjava/awt/Color;Ljava/awt/Color;Ljava/awt/Color;)V (131 bytes) @ 0x01d5d800 [0x01d5d710+0xf0]
J 1132 C1 Text.<init>()V (64 bytes) @ 0x01d85e7c [0x01d85d10+0x16c]
j  GameWorld.<init>()V+16
v  ~StubRoutines::call_stub
V  [jvm.dll+0x15a895]
V  [jvm.dll+0x220bfe]
V  [jvm.dll+0x15a92e]
V  [jvm.dll+0x167178]
V  [jvm.dll+0x167521]
V  [jvm.dll+0x103e28]
C  [java.dll+0x3b3a]
j  sun.reflect.NativeConstructorAccessorImpl.newInstance([Ljava/lang/Object;)Ljava/lang/Object;+85
j  sun.reflect.DelegatingConstructorAccessorImpl.newInstance([Ljava/lang/Object;)Ljava/lang/Object;+5
j  java.lang.reflect.Constructor.newInstance([Ljava/lang/Object;)Ljava/lang/Object;+79
j  greenfoot.core.Simulation.newInstance(Ljava/lang/reflect/Constructor;)Ljava/lang/Object;+5
j  greenfoot.platforms.ide.WorldHandlerDelegateIDE.lambda$instantiateNewWorld$7(Ljava/lang/Class;)V+16
j  greenfoot.platforms.ide.WorldHandlerDelegateIDE$$Lambda$70.run()V+8
j  greenfoot.core.Simulation.runQueuedTasks()V+68
j  greenfoot.core.Simulation.maybePause()V+8
j  greenfoot.core.Simulation.runContent()V+8
j  greenfoot.core.Simulation.run()V+1
v  ~StubRoutines::call_stub
V  [jvm.dll+0x15a895]
V  [jvm.dll+0x220bfe]
V  [jvm.dll+0x15a92e]
V  [jvm.dll+0x15aab6]
V  [jvm.dll+0x15ab27]
V  [jvm.dll+0xfef8f]
V  [jvm.dll+0x17d6f0]
V  [jvm.dll+0x17df6a]
V  [jvm.dll+0x1c29c6]
C  [msvcr100.dll+0x5c556]
C  [msvcr100.dll+0x5c600]
C  [kernel32.dll+0x4ef1c]
C  [ntdll.dll+0x63648]
C  [ntdll.dll+0x6361b]
C  0x00000000

Java frames: (J=compiled Java code, j=interpreted, Vv=VM code)
J 1065  sun.font.T2KFontScaler.getUnitsPerEMNative(J)J (0 bytes) @ 0x01d562dd [0x01d56290+0x4d]
J 1064 C1 sun.font.T2KFontScaler.getUnitsPerEm()J (25 bytes) @ 0x01d73f90 [0x01d73d10+0x280]
J 1063 C1 sun.font.FileFont.getUnitsPerEm()J (8 bytes) @ 0x01d73acc [0x01d73a90+0x3c]
J 1057 C1 sun.font.SunLayoutEngine.layout(Lsun/font/FontStrikeDesc;[FIILsun/font/TextRecord;ILjava/awt/geom/Point2D$Float;Lsun/font/GlyphLayout$GVData;)V (102 bytes) @ 0x01d721fc [0x01d72090+0x16c]
J 1050 C1 sun.font.GlyphLayout$EngineRecord.layout()V (101 bytes) @ 0x01d71320 [0x01d71250+0xd0]
J 738 C1 sun.font.GlyphLayout.layout(Ljava/awt/Font;Ljava/awt/font/FontRenderContext;[CIIILsun/font/StandardGlyphVector;)Lsun/font/StandardGlyphVector; (668 bytes) @ 0x01cf2094 [0x01cf18a0+0x7f4]
J 1033 C1 sun.font.ExtendedTextSourceLabel.createGV()Lsun/font/StandardGlyphVector; (79 bytes) @ 0x01d6be84 [0x01d6bda0+0xe4]
J 1031 C1 sun.font.ExtendedTextSourceLabel.getAdvance()F (24 bytes) @ 0x01d6b7a0 [0x01d6b760+0x40]
J 817 C1 java.awt.font.TextLine.init()V (1056 bytes) @ 0x01d13368 [0x01d12b50+0x818]
J 1025 C1 java.awt.font.TextLine.<init>(Ljava/awt/font/FontRenderContext;[Lsun/font/TextLineComponent;[F[CII[I[BZ)V (83 bytes) @ 0x01d6a660 [0x01d6a560+0x100]
J 668 C1 java.awt.font.TextLine.fastCreateTextLine(Ljava/awt/font/FontRenderContext;[CLjava/awt/Font;Lsun/font/CoreMetrics;Ljava/util/Map;)Ljava/awt/font/TextLine; (341 bytes) @ 0x01ce0ecc [0x01ce0720+0x7ac]
J 1004 C1 java.awt.font.TextLayout.fastInit([CLjava/awt/Font;Ljava/util/Map;Ljava/awt/font/FontRenderContext;)V (90 bytes) @ 0x01d625e4 [0x01d624e0+0x104]
J 1002 C1 java.awt.font.TextLayout.<init>(Ljava/lang/String;Ljava/awt/Font;Ljava/awt/font/FontRenderContext;)V (180 bytes) @ 0x01d61c04 [0x01d61a00+0x204]
J 815 C1 greenfoot.util.GraphicsUtilities.getMultiLineStringDimensions([Ljava/lang/String;ID)Lgreenfoot/util/GraphicsUtilities$MultiLineStringDimensions; (294 bytes) @ 0x01d105a8 [0x01d0fad0+0xad8]
J 995 C1 greenfoot.GreenfootImage.<init>(Ljava/lang/String;ILjava/awt/Color;Ljava/awt/Color;Ljava/awt/Color;)V (131 bytes) @ 0x01d5d800 [0x01d5d710+0xf0]
J 1132 C1 Text.<init>()V (64 bytes) @ 0x01d85e7c [0x01d85d10+0x16c]
j  GameWorld.<init>()V+16
v  ~StubRoutines::call_stub
j  sun.reflect.NativeConstructorAccessorImpl.newInstance0(Ljava/lang/reflect/Constructor;[Ljava/lang/Object;)Ljava/lang/Object;+0
j  sun.reflect.NativeConstructorAccessorImpl.newInstance([Ljava/lang/Object;)Ljava/lang/Object;+85
j  sun.reflect.DelegatingConstructorAccessorImpl.newInstance([Ljava/lang/Object;)Ljava/lang/Object;+5
j  java.lang.reflect.Constructor.newInstance([Ljava/lang/Object;)Ljava/lang/Object;+79
j  greenfoot.core.Simulation.newInstance(Ljava/lang/reflect/Constructor;)Ljava/lang/Object;+5
j  greenfoot.platforms.ide.WorldHandlerDelegateIDE.lambda$instantiateNewWorld$7(Ljava/lang/Class;)V+16
j  greenfoot.platforms.ide.WorldHandlerDelegateIDE$$Lambda$70.run()V+8
j  greenfoot.core.Simulation.runQueuedTasks()V+68
j  greenfoot.core.Simulation.maybePause()V+8
j  greenfoot.core.Simulation.runContent()V+8
j  greenfoot.core.Simulation.run()V+1
v  ~StubRoutines::call_stub

---------------  P R O C E S S  ---------------

Java Threads: ( => current thread )
  0x14c19c00 JavaThread "TimerQueue" daemon [_thread_blocked, id=11740, stack(0x17810000,0x17860000)]
  0x14c1a400 JavaThread "main" [_thread_blocked, id=2164, stack(0x182c0000,0x18310000)]
=>0x14c19800 JavaThread "SimulationThread" [_thread_in_native, id=12160, stack(0x18350000,0x183a0000)]
  0x14c18c00 JavaThread "Thread-7" daemon [_thread_in_native, id=8636, stack(0x17870000,0x178c0000)]
  0x14c18400 JavaThread "JavaFX Application Thread" [_thread_in_native, id=6012, stack(0x160a0000,0x160f0000)]
  0x14c18000 JavaThread "Thread-6" daemon [_thread_blocked, id=10632, stack(0x15a80000,0x15ad0000)]
  0x14c17800 JavaThread "QuantumRenderer-0" daemon [_thread_blocked, id=11468, stack(0x14830000,0x14880000)]
  0x14c17000 JavaThread "AWT-EventQueue-0" [_thread_blocked, id=2700, stack(0x15f30000,0x15f80000)]
  0x14c16c00 JavaThread "RMI TCP Connection(1)-127.0.0.1" daemon [_thread_in_native, id=5508, stack(0x158d0000,0x15920000)]
  0x14c16400 JavaThread "RMI Reaper" [_thread_blocked, id=8876, stack(0x15ae0000,0x15b30000)]
  0x14c16000 JavaThread "RMI TCP Accept-0" daemon [_thread_in_native, id=3256, stack(0x14590000,0x145e0000)]
  0x14bfbc00 JavaThread "GC Daemon" daemon [_thread_blocked, id=10360, stack(0x15ba0000,0x15bf0000)]
  0x14bedc00 JavaThread "RMI RenewClean-[127.0.0.1:55539]" daemon [_thread_blocked, id=5644, stack(0x15180000,0x151d0000)]
  0x14bed400 JavaThread "RMI Scheduler(0)" daemon [_thread_blocked, id=8392, stack(0x155d0000,0x15620000)]
  0x006acc00 JavaThread "DestroyJavaVM" [_thread_blocked, id=9236, stack(0x00820000,0x00870000)]
  0x149d1800 JavaThread "BlueJ worker thread" [_thread_blocked, id=9544, stack(0x14f90000,0x14fe0000)]
  0x149cb400 JavaThread "AWT-Windows" daemon [_thread_in_native, id=7004, stack(0x14420000,0x14470000)]
  0x149c8c00 JavaThread "AWT-Shutdown" [_thread_blocked, id=2784, stack(0x14e50000,0x14ea0000)]
  0x149c6400 JavaThread "Java2D Disposer" daemon [_thread_blocked, id=7008, stack(0x14dc0000,0x14e10000)]
  0x14158c00 JavaThread "Service Thread" daemon [_thread_blocked, id=10744, stack(0x14770000,0x147c0000)]
  0x1413c000 JavaThread "C1 CompilerThread0" daemon [_thread_blocked, id=10960, stack(0x148b0000,0x14900000)]
  0x1412fc00 JavaThread "JDWP Command Reader" daemon [_thread_in_native, id=9908, stack(0x145f0000,0x14640000)]
  0x1412cc00 JavaThread "JDWP Event Helper Thread" daemon [_thread_blocked, id=6244, stack(0x14720000,0x14770000)]
  0x14121000 JavaThread "JDWP Transport Listener: dt_shmem" daemon [_thread_blocked, id=5440, stack(0x14690000,0x146e0000)]
  0x14128400 JavaThread "Attach Listener" daemon [_thread_blocked, id=9932, stack(0x142c0000,0x14310000)]
  0x14125400 JavaThread "Signal Dispatcher" daemon [_thread_blocked, id=11436, stack(0x00870000,0x008c0000)]
  0x14106800 JavaThread "Finalizer" daemon [_thread_blocked, id=11264, stack(0x14470000,0x144c0000)]
  0x140e0800 JavaThread "Reference Handler" daemon [_thread_blocked, id=11612, stack(0x14360000,0x143b0000)]

Other Threads:
  0x140d9c00 VMThread [stack: 0x143d0000,0x14420000] [id=568]
  0x1416d000 WatcherThread [stack: 0x147d0000,0x14820000] [id=7900]

VM state:not at safepoint (normal execution)

VM Mutex/Monitor currently owned by a thread: None

Heap:
 def new generation   total 10368K, used 987K [0x03c00000, 0x04730000, 0x09150000)
  eden space 9280K,  10% used [0x03c00000, 0x03cf6f70, 0x04510000)
  from space 1088K,   0% used [0x04510000, 0x04510000, 0x04620000)
  to   space 1088K,   0% used [0x04620000, 0x04620000, 0x04730000)
 tenured generation   total 22784K, used 8198K [0x09150000, 0x0a790000, 0x13c00000)
   the space 22784K,  35% used [0x09150000, 0x09951b20, 0x09951c00, 0x0a790000)
 Metaspace       used 12260K, capacity 12621K, committed 12800K, reserved 13696K

Card table byte_map: [0x03b50000,0x03be0000] byte_map_base: 0x03b32000

Polling page: 0x005c0000

CodeCache: size=32768Kb used=2346Kb max_used=2346Kb free=30421Kb
 bounds [0x01b50000, 0x01da0000, 0x03b50000]
 total_blobs=1500 nmethods=1202 adapters=236
 compilation: enabled

Compilation events (10 events):
Event: 47.361 Thread 0x1413c000 1201  s          java.awt.KeyboardFocusManager::getCurrentKeyboardFocusManager (32 bytes)
Event: 47.361 Thread 0x1413c000 nmethod 1201 0x01d98fc8 code [0x01d990f0, 0x01d99384]
Event: 47.385 Thread 0x1413c000 1202             java.awt.KeyboardFocusManager::getCurrentKeyboardFocusManager (7 bytes)
Event: 47.385 Thread 0x1413c000 nmethod 1202 0x01d994c8 code [0x01d99610, 0x01d998f0]
Event: 48.720 Thread 0x1413c000 1203             java.util.concurrent.locks.AbstractQueuedSynchronizer$ConditionObject::signalAll (33 bytes)
Event: 48.721 Thread 0x1413c000 nmethod 1203 0x01d99b48 code [0x01d99c70, 0x01d99db4]
Event: 48.792 Thread 0x1413c000 1204   !         javax.swing.SwingUtilities::convertPointFromScreen (132 bytes)
Event: 48.793 Thread 0x1413c000 nmethod 1204 0x01d99e88 code [0x01d9a010, 0x01d9a4a0]
Event: 48.856 Thread 0x1413c000 1205             java.awt.Window::isShowing (5 bytes)
Event: 48.856 Thread 0x1413c000 nmethod 1205 0x01d9a808 code [0x01d9a900, 0x01d9a980]

GC Heap History (10 events):
Event: 44.829 GC heap before
{Heap before GC invocations=22 (full 7):
 def new generation   total 10368K, used 9280K [0x03c00000, 0x04730000, 0x09150000)
  eden space 9280K, 100% used [0x03c00000, 0x04510000, 0x04510000)
  from space 1088K,   0% used [0x04510000, 0x04510000, 0x04620000)
  to   space 1088K,   0% used [0x04620000, 0x04620000, 0x04730000)
 tenured generation   total 22784K, used 13670K [0x09150000, 0x0a790000, 0x13c00000)
   the space 22784K,  59% used [0x09150000, 0x09ea98a0, 0x09ea9a00, 0x0a790000)
 Metaspace       used 12176K, capacity 12537K, committed 12672K, reserved 12672K
Event: 44.832 GC heap after
Heap after GC invocations=23 (full 7):
 def new generation   total 10368K, used 892K [0x03c00000, 0x04730000, 0x09150000)
  eden space 9280K,   0% used [0x03c00000, 0x03c00000, 0x04510000)
  from space 1088K,  82% used [0x04620000, 0x046ff198, 0x04730000)
  to   space 1088K,   0% used [0x04510000, 0x04510000, 0x04620000)
 tenured generation   total 22784K, used 13670K [0x09150000, 0x0a790000, 0x13c00000)
   the space 22784K,  59% used [0x09150000, 0x09ea98a0, 0x09ea9a00, 0x0a790000)
 Metaspace       used 12176K, capacity 12537K, committed 12672K, reserved 12672K
}
Event: 44.859 GC heap before
{Heap before GC invocations=23 (full 7):
 def new generation   total 10368K, used 10172K [0x03c00000, 0x04730000, 0x09150000)
  eden space 9280K, 100% used [0x03c00000, 0x04510000, 0x04510000)
  from space 1088K,  82% used [0x04620000, 0x046ff198, 0x04730000)
  to   space 1088K,   0% used [0x04510000, 0x04510000, 0x04620000)
 tenured generation   total 22784K, used 13670K [0x09150000, 0x0a790000, 0x13c00000)
   the space 22784K,  59% used [0x09150000, 0x09ea98a0, 0x09ea9a00, 0x0a790000)
 Metaspace       used 12176K, capacity 12537K, committed 12672K, reserved 12672K
Event: 44.862 GC heap after
Heap after GC invocations=24 (full 7):
 def new generation   total 10368K, used 894K [0x03c00000, 0x04730000, 0x09150000)
  eden space 9280K,   0% used [0x03c00000, 0x03c00000, 0x04510000)
  from space 1088K,  82% used [0x04510000, 0x045efb30, 0x04620000)
  to   space 1088K,   0% used [0x04620000, 0x04620000, 0x04730000)
 tenured generation   total 22784K, used 14539K [0x09150000, 0x0a790000, 0x13c00000)
   the space 22784K,  63% used [0x09150000, 0x09f82f58, 0x09f83000, 0x0a790000)
 Metaspace       used 12176K, capacity 12537K, committed 12672K, reserved 12672K
}
Event: 44.889 GC heap before
{Heap before GC invocations=24 (full 7):
 def new generation   total 10368K, used 10174K [0x03c00000, 0x04730000, 0x09150000)
  eden space 9280K, 100% used [0x03c00000, 0x04510000, 0x04510000)
  from space 1088K,  82% used [0x04510000, 0x045efb30, 0x04620000)
  to   space 1088K,   0% used [0x04620000, 0x04620000, 0x04730000)
 tenured generation   total 22784K, used 14539K [0x09150000, 0x0a790000, 0x13c00000)
   the space 22784K,  63% used [0x09150000, 0x09f82f58, 0x09f83000, 0x0a790000)
 Metaspace       used 12176K, capacity 12537K, committed 12672K, reserved 12672K
Event: 44.892 GC heap after
Heap after GC invocations=25 (full 7):
 def new generation   total 10368K, used 894K [0x03c00000, 0x04730000, 0x09150000)
  eden space 9280K,   0% used [0x03c00000, 0x03c00000, 0x04510000)
  from space 1088K,  82% used [0x04620000, 0x046ff940, 0x04730000)
  to   space 1088K,   0% used [0x04510000, 0x04510000, 0x04620000)
 tenured generation   total 22784K, used 15393K [0x09150000, 0x0a790000, 0x13c00000)
   the space 22784K,  67% used [0x09150000, 0x0a058678, 0x0a058800, 0x0a790000)
 Metaspace       used 12176K, capacity 12537K, committed 12672K, reserved 12672K
}
Event: 44.918 GC heap before
{Heap before GC invocations=25 (full 7):
 def new generation   total 10368K, used 10174K [0x03c00000, 0x04730000, 0x09150000)
  eden space 9280K, 100% used [0x03c00000, 0x04510000, 0x04510000)
  from space 1088K,  82% used [0x04620000, 0x046ff940, 0x04730000)
  to   space 1088K,   0% used [0x04510000, 0x04510000, 0x04620000)
 tenured generation   total 22784K, used 15393K [0x09150000, 0x0a790000, 0x13c00000)
   the space 22784K,  67% used [0x09150000, 0x0a058678, 0x0a058800, 0x0a790000)
 Metaspace       used 12176K, capacity 12537K, committed 12672K, reserved 12672K
Event: 44.921 GC heap after
Heap after GC invocations=26 (full 7):
 def new generation   total 10368K, used 898K [0x03c00000, 0x04730000, 0x09150000)
  eden space 9280K,   0% used [0x03c00000, 0x03c00000, 0x04510000)
  from space 1088K,  82% used [0x04510000, 0x045f0860, 0x04620000)
  to   space 1088K,   0% used [0x04620000, 0x04620000, 0x04730000)
 tenured generation   total 22784K, used 16247K [0x09150000, 0x0a790000, 0x13c00000)
   the space 22784K,  71% used [0x09150000, 0x0a12dcd8, 0x0a12de00, 0x0a790000)
 Metaspace       used 12176K, capacity 12537K, committed 12672K, reserved 12672K
}
Event: 45.786 GC heap before
{Heap before GC invocations=26 (full 7):
 def new generation   total 10368K, used 4902K [0x03c00000, 0x04730000, 0x09150000)
  eden space 9280K,  43% used [0x03c00000, 0x03fe92a8, 0x04510000)
  from space 1088K,  82% used [0x04510000, 0x045f0860, 0x04620000)
  to   space 1088K,   0% used [0x04620000, 0x04620000, 0x04730000)
 tenured generation   total 22784K, used 16247K [0x09150000, 0x0a790000, 0x13c00000)
   the space 22784K,  71% used [0x09150000, 0x0a12dcd8, 0x0a12de00, 0x0a790000)
 Metaspace       used 12179K, capacity 12542K, committed 12672K, reserved 12672K
Event: 45.806 GC heap after
Heap after GC invocations=27 (full 8):
 def new generation   total 10368K, used 0K [0x03c00000, 0x04730000, 0x09150000)
  eden space 9280K,   0% used [0x03c00000, 0x03c00000, 0x04510000)
  from space 1088K,   0% used [0x04510000, 0x04510000, 0x04620000)
  to   space 1088K,   0% used [0x04620000, 0x04620000, 0x04730000)
 tenured generation   total 22784K, used 8198K [0x09150000, 0x0a790000, 0x13c00000)
   the space 22784K,  35% used [0x09150000, 0x09951b20, 0x09951c00, 0x0a790000)
 Metaspace       used 12179K, capacity 12542K, committed 12672K, reserved 12672K
}

Deoptimization events (0 events):
No events

Internal exceptions (10 events):
Event: 0.721 Thread 0x14c05c00 Exception <a 'java/lang/ClassNotFoundException': sun/net/www/protocol/c/Handler> (0x03f4ad48) thrown at [C:\re\workspace\8-2-build-windows-i586-cygwin\jdk8u111\7883\hotspot\src\share\vm\classfile\systemDictionary.cpp, line 210]
Event: 0.721 Thread 0x14c05c00 Exception <a 'java/lang/ClassNotFoundException': sun/net/www/protocol/c/Handler> (0x03f508e8) thrown at [C:\re\workspace\8-2-build-windows-i586-cygwin\jdk8u111\7883\hotspot\src\share\vm\classfile\systemDictionary.cpp, line 210]
Event: 0.861 Thread 0x14c17000 Exception <a 'java/lang/NullPointerException'> (0x03fbc868) thrown at [C:\re\workspace\8-2-build-windows-i586-cygwin\jdk8u111\7883\hotspot\src\share\vm\interpreter\linkResolver.cpp, line 1178]
Event: 3.045 Thread 0x14c19800 Exception <a 'java/lang/NullPointerException'> (0x03d00978) thrown at [C:\re\workspace\8-2-build-windows-i586-cygwin\jdk8u111\7883\hotspot\src\share\vm\interpreter\linkResolver.cpp, line 1178]
Event: 3.683 Thread 0x14c19800 Exception <a 'java/lang/NullPointerException'> (0x03c58040) thrown at [C:\re\workspace\8-2-build-windows-i586-cygwin\jdk8u111\7883\hotspot\src\share\vm\interpreter\linkResolver.cpp, line 1178]
Event: 4.187 Thread 0x14c19800 Exception <a 'java/lang/NullPointerException'> (0x03c31b70) thrown at [C:\re\workspace\8-2-build-windows-i586-cygwin\jdk8u111\7883\hotspot\src\share\vm\interpreter\linkResolver.cpp, line 1178]
Event: 44.929 Thread 0x14c19800 Exception <a 'java/lang/StackOverflowError'> (0x03ee7ae0) thrown at [C:\re\workspace\8-2-build-windows-i586-cygwin\jdk8u111\7883\hotspot\src\share\vm\runtime\javaCalls.cpp, line 386]
Event: 44.929 Thread 0x14c19800 Exception <a 'java/lang/StackOverflowError'> (0x03eeb710) thrown at [C:\re\workspace\8-2-build-windows-i586-cygwin\jdk8u111\7883\hotspot\src\share\vm\runtime\javaCalls.cpp, line 386]
Event: 44.929 Thread 0x14c19800 Exception <a 'java/lang/StackOverflowError'> (0x03eef330) thrown at [C:\re\workspace\8-2-build-windows-i586-cygwin\jdk8u111\7883\hotspot\src\share\vm\runtime\javaCalls.cpp, line 386]
Event: 44.942 Thread 0x14c19800 Exception <a 'java/lang/reflect/InvocationTargetException'> (0x03ef2fb8) thrown at [C:\re\workspace\8-2-build-windows-i586-cygwin\jdk8u111\7883\hotspot\src\share\vm\runtime\reflection.cpp, line 1092]

Events (10 events):
Event: 46.237 loading class javax/swing/PopupFactory$ContainerPopup done
Event: 46.237 loading class javax/swing/PopupFactory$LightWeightPopup done
Event: 46.237 loading class javax/swing/PopupFactory$HeavyWeightPopup
Event: 46.237 loading class javax/swing/PopupFactory$HeavyWeightPopup done
Event: 46.242 loading class com/sun/java/swing/plaf/windows/WindowsPopupWindow
Event: 46.242 loading class com/sun/java/swing/plaf/windows/WindowsPopupWindow done
Event: 47.139 loading class javax/swing/Popup$DefaultFrame
Event: 47.139 loading class javax/swing/Popup$DefaultFrame done
Event: 47.139 loading class javax/swing/PopupFactory$HeavyWeightPopup$1
Event: 47.139 loading class javax/swing/PopupFactory$HeavyWeightPopup$1 done


Dynamic libraries:
0x00940000 - 0x00973000 	C:\Program Files\Greenfoot\jdk\jre\bin\java.exe
0x76eb0000 - 0x76ff2000 	C:\Windows\SYSTEM32\ntdll.dll
0x769c0000 - 0x76a95000 	C:\Windows\system32\kernel32.dll
0x750f0000 - 0x7513b000 	C:\Windows\system32\KERNELBASE.dll
0x74c70000 - 0x74cde000 	C:\Windows\System32\SYSFER.DLL
0x758b0000 - 0x75951000 	C:\Windows\system32\ADVAPI32.dll
0x75210000 - 0x752bc000 	C:\Windows\system32\msvcrt.dll
0x752d0000 - 0x752e9000 	C:\Windows\SYSTEM32\sechost.dll
0x752f0000 - 0x75392000 	C:\Windows\system32\RPCRT4.dll
0x75560000 - 0x75629000 	C:\Windows\system32\USER32.dll
0x75970000 - 0x759be000 	C:\Windows\system32\GDI32.dll
0x77090000 - 0x7709a000 	C:\Windows\system32\LPK.dll
0x759f0000 - 0x75a8d000 	C:\Windows\system32\USP10.dll
0x73cb0000 - 0x73e4e000 	C:\Windows\WinSxS\x86_microsoft.windows.common-controls_6595b64144ccf1df_6.0.7601.18837_none_41e855142bd5705d\COMCTL32.dll
0x770a0000 - 0x770f7000 	C:\Windows\system32\SHLWAPI.dll
0x75890000 - 0x758af000 	C:\Windows\system32\IMM32.DLL
0x75140000 - 0x7520c000 	C:\Windows\system32\MSCTF.dll
0x65b70000 - 0x65c2f000 	C:\Program Files\Greenfoot\jdk\jre\bin\msvcr100.dll
0x617c0000 - 0x61b8d000 	C:\Program Files\Greenfoot\jdk\jre\bin\client\jvm.dll
0x72440000 - 0x72447000 	C:\Windows\system32\WSOCK32.dll
0x76920000 - 0x76955000 	C:\Windows\system32\WS2_32.dll
0x752c0000 - 0x752c6000 	C:\Windows\system32\NSI.dll
0x73780000 - 0x737b2000 	C:\Windows\system32\WINMM.dll
0x742c0000 - 0x742c9000 	C:\Windows\system32\VERSION.dll
0x75960000 - 0x75965000 	C:\Windows\system32\PSAPI.DLL
0x732c0000 - 0x732cc000 	C:\Program Files\Greenfoot\jdk\jre\bin\verify.dll
0x6d320000 - 0x6d341000 	C:\Program Files\Greenfoot\jdk\jre\bin\java.dll
0x6bae0000 - 0x6bb09000 	C:\Program Files\Greenfoot\jdk\jre\bin\jdwp.dll
0x71260000 - 0x71267000 	C:\Program Files\Greenfoot\jdk\jre\bin\npt.dll
0x72390000 - 0x723a3000 	C:\Program Files\Greenfoot\jdk\jre\bin\zip.dll
0x75cd0000 - 0x7691b000 	C:\Windows\system32\SHELL32.dll
0x753a0000 - 0x754fd000 	C:\Windows\system32\ole32.dll
0x74e10000 - 0x74e1b000 	C:\Windows\system32\profapi.dll
0x712a0000 - 0x712a9000 	C:\Program Files\Greenfoot\jdk\jre\bin\dt_shmem.dll
0x63ee0000 - 0x64026000 	C:\Program Files\Greenfoot\jdk\jre\bin\awt.dll
0x76b20000 - 0x76bb1000 	C:\Windows\system32\OLEAUT32.dll
0x73c70000 - 0x73cb0000 	C:\Windows\system32\uxtheme.dll
0x006b0000 - 0x006e9000 	C:\Program Files\NetSupport\NetSupport School\pciappctrl.dll
0x72200000 - 0x722eb000 	C:\Windows\system32\dbghelp.dll
0x724e0000 - 0x724f2000 	C:\Windows\system32\MPR.dll
0x730b0000 - 0x730d3000 	C:\Program Files\Common Files\NSL\NSCommonHook.dll
0x723e0000 - 0x72431000 	C:\Windows\system32\Winspool.drv
0x73840000 - 0x73853000 	C:\Windows\system32\dwmapi.dll
0x74d30000 - 0x74d3c000 	C:\Windows\system32\CRYPTBASE.dll
0x74830000 - 0x74847000 	C:\Windows\system32\CRYPTSP.dll
0x745c0000 - 0x745fb000 	C:\Windows\system32\rsaenh.dll
0x74e50000 - 0x74e67000 	C:\Windows\system32\USERENV.dll
0x6d010000 - 0x6d026000 	C:\Program Files\Greenfoot\jdk\jre\bin\net.dll
0x00900000 - 0x0091e000 	C:\Program Files\Common Files\NSL\nslsp.dll
0x747f0000 - 0x7482c000 	C:\Windows\system32\mswsock.dll
0x747e0000 - 0x747e6000 	C:\Windows\System32\wship6.dll
0x72b20000 - 0x72b3c000 	C:\Windows\system32\IPHLPAPI.DLL
0x72b10000 - 0x72b17000 	C:\Windows\system32\WINNSI.DLL
0x729f0000 - 0x729fd000 	C:\Windows\system32\dhcpcsvc6.DLL
0x72970000 - 0x72982000 	C:\Windows\system32\dhcpcsvc.DLL
0x733f0000 - 0x733ff000 	C:\Program Files\Greenfoot\jdk\jre\bin\nio.dll
0x6b840000 - 0x6b92e000 	C:\Program Files\Greenfoot\jdk\jre\bin\msvcr120.dll
0x69d40000 - 0x69db1000 	C:\Program Files\Greenfoot\jdk\jre\bin\msvcp120.dll
0x73010000 - 0x7302e000 	C:\Program Files\Greenfoot\jdk\jre\bin\prism_d3d.dll
0x66a60000 - 0x66c23000 	C:\Windows\system32\d3d9.dll
0x733e0000 - 0x733e6000 	C:\Windows\system32\d3d8thk.dll
0x5b9d0000 - 0x5c3c9000 	C:\Windows\system32\igdumdim32.dll
0x61b90000 - 0x61f05000 	C:\Windows\system32\igdusc32.dll
0x6d470000 - 0x6d4a3000 	C:\Program Files\Greenfoot\jdk\jre\bin\glass.dll
0x76aa0000 - 0x76b1b000 	C:\Windows\system32\COMDLG32.dll
0x6cfd0000 - 0x6d009000 	C:\Program Files\Greenfoot\jdk\jre\bin\fontmanager.dll
0x6b800000 - 0x6b832000 	C:\Program Files\Greenfoot\jdk\jre\bin\t2k.dll
0x77000000 - 0x77083000 	C:\Windows\system32\CLBCatQ.DLL
0x73640000 - 0x73771000 	C:\Windows\system32\WindowsCodecs.dll
0x74ce0000 - 0x74d2c000 	C:\Windows\system32\apphelp.dll
0x69b30000 - 0x69bbf000 	C:\Program Files\Google\Drive\googledrivesync32.dll
0x6a770000 - 0x6a7fe000 	C:\Program Files\Google\Drive\Microsoft.VC90.CRT\MSVCP90.dll
0x6a3c0000 - 0x6a463000 	C:\Program Files\Google\Drive\Microsoft.VC90.CRT\MSVCR90.dll
0x6ca40000 - 0x6ca71000 	C:\Windows\system32\EhStorShell.dll
0x76d10000 - 0x76ead000 	C:\Windows\system32\SETUPAPI.dll
0x75030000 - 0x75057000 	C:\Windows\system32\CFGMGR32.dll
0x74e30000 - 0x74e42000 	C:\Windows\system32\DEVOBJ.dll
0x73860000 - 0x73955000 	C:\Windows\system32\PROPSYS.dll
0x6b350000 - 0x6b3ba000 	C:\Windows\System32\cscui.dll
0x6e600000 - 0x6e609000 	C:\Windows\System32\CSCDLL.dll
0x6eaf0000 - 0x6eafb000 	C:\Windows\system32\CSCAPI.dll
0x6c8c0000 - 0x6c930000 	C:\Windows\system32\ntshrui.dll
0x74440000 - 0x74459000 	C:\Windows\system32\srvcli.dll
0x72bb0000 - 0x72bba000 	C:\Windows\system32\slc.dll
0x72e00000 - 0x72e0a000 	C:\Program Files\Greenfoot\jdk\jre\bin\management.dll
0x72080000 - 0x720a4000 	C:\Program Files\Greenfoot\jdk\jre\bin\dcpr.dll
0x72bd0000 - 0x72be0000 	C:\Windows\system32\NLAapi.dll
0x70cd0000 - 0x70ce0000 	C:\Windows\system32\napinsp.dll
0x70cb0000 - 0x70cc2000 	C:\Windows\system32\pnrpnsp.dll
0x16080000 - 0x16099000 	C:\Program Files\Bonjour\mdnsNSP.dll
0x746b0000 - 0x746f4000 	C:\Windows\system32\DNSAPI.dll
0x70ca0000 - 0x70ca8000 	C:\Windows\System32\winrnr.dll
0x742a0000 - 0x742a5000 	C:\Windows\System32\wshtcpip.dll
0x70c90000 - 0x70c96000 	C:\Windows\system32\rasadhlp.dll
0x72a10000 - 0x72a48000 	C:\Windows\System32\fwpuclnt.dll
0x6ce80000 - 0x6ceb0000 	C:\Program Files\Greenfoot\jdk\jre\bin\lcms.dll

VM Arguments:
jvm_args: -Dawt.useSystemAAFontSettings=on -XX:MaxGCPauseMillis=50 -agentlib:jdwp=transport=dt_shmem,address=javadebug -Dfile.encoding=UTF-8 
java_command: bluej.runtime.ExecServer UTF-8
java_class_path (initial): C:\Program Files\Greenfoot\lib\extensions\greenfoot.jar;C:\Program Files\Greenfoot\lib\bluejcore.jar;C:\Program Files\Greenfoot\lib\bluejeditor.jar;C:\Program Files\Greenfoot\lib\bluejext.jar;C:\Program Files\Greenfoot\lib\AppleJavaExtensions.jar;C:\Program Files\Greenfoot\lib\junit-4.11.jar;C:\Program Files\Greenfoot\lib\hamcrest-core-1.3.jar;C:\Program Files\Greenfoot\lib\bluej.jar;C:\Program Files\Greenfoot\lib\diffutils-1.2.1.jar;C:\Program Files\Greenfoot\lib\commons-httpclient-3.1.jar;C:\Program Files\Greenfoot\lib\commons-logging-api-1.1.2.jar;C:\Program Files\Greenfoot\lib\commons-codec-1.3.jar;C:\Program Files\Greenfoot\lib\jl1.0.1.jar;C:\Program Files\Greenfoot\lib\opencsv-2.3.jar;C:\Program Files\Greenfoot\lib\xom-1.2.9.jar;C:\Program Files\Greenfoot\lib\lang-stride.jar;C:\Program Files\Greenfoot\lib\guava-17.0.jar;C:\Program Files\Greenfoot\lib\javassist-3.18.0.jar;C:\Program Files\Greenfoot\lib\commons-vfs2-2.0.jar;C:\Program Files\Greenfoot\lib\httpclient-4.1.1.jar;C:\Program Files\Greenfoot\lib\httpcore-4.1.jar;C:\Program Files\Greenfoot\lib\httpmime-4.1.1.jar
Launcher Type: SUN_STANDARD

Environment Variables:
PATH=C:\ProgramData\Oracle\Java\javapath;C:\Windows\system32;C:\Windows;C:\Windows\System32\Wbem;C:\Windows\System32\WindowsPowerShell\v1.0\;C:\Program Files\Common Files\Netop\;C:\Program Files\Netop\Vision\XL\;C:\Programs\CS\javasdk\jdk\bin\
USERNAME=skagawa188
OS=Windows_NT
PROCESSOR_IDENTIFIER=x86 Family 6 Model 58 Stepping 9, GenuineIntel



---------------  S Y S T E M  ---------------

OS: Windows 7 Build 7601 (6.1.7601.23392)

CPU:total 4 (4 cores per cpu, 1 threads per core) family 6 model 58 stepping 9, cmov, cx8, fxsr, mmx, sse, sse2, sse3, ssse3, sse4.1, sse4.2, popcnt, avx, aes, clmul, erms, tsc, tscinvbit, tscinv

Memory: 4k page, physical 3579988k(979496k free), swap 7158260k(2835656k free)

vm_info: Java HotSpot(TM) Client VM (25.111-b14) for windows-x86 JRE (1.8.0_111-b14), built on Sep 22 2016 18:54:33 by "java_re" with MS VC++ 10.0 (VS2010)

time: Fri Apr 07 10:24:25 2017
elapsed time: 51 seconds (0d 0h 0m 51s)

