#
# A fatal error has been detected by the Java Runtime Environment:
#
#  EXCEPTION_ACCESS_VIOLATION (0xc0000005) at pc=0x6b815998, pid=11912, tid=0x00001a8c
#
# JRE version: Java(TM) SE Runtime Environment (8.0_111-b14) (build 1.8.0_111-b14)
# Java VM: Java HotSpot(TM) Client VM (25.111-b14 mixed mode windows-x86 )
# Problematic frame:
# C  [t2k.dll+0x15998]
#
# Failed to write core dump. Minidumps are not enabled by default on client versions of Windows
#
# If you would like to submit a bug report, please visit:
#   http://bugreport.java.com/bugreport/crash.jsp
# The crash happened outside the Java Virtual Machine in native code.
# See problematic frame for where to report the bug.
#

---------------  T H R E A D  ---------------

Current thread (0x1517fc00):  JavaThread "SimulationThread" [_thread_in_native, id=6796, stack(0x182c0000,0x18310000)]

siginfo: ExceptionCode=0xc0000005, reading address 0x65657393

Registers:
EAX=0x00000800, EBX=0x00000000, ECX=0x65657267, EDX=0x1517fd40
ESP=0x1830e7fc, EBP=0x1830e828, ESI=0x17a52858, EDI=0x1517fc00
EIP=0x6b815998, EFLAGS=0x00010202

Top of Stack: (sp=0x1830e7fc)
0x1830e7fc:   01ef6421 1517fd40 1830e810 17a52858
0x1830e80c:   00000000 096ace30 13e8b65e 1830f114
0x1830e81c:   01ebb494 0972fb50 04100890 1830f114
0x1830e82c:   01f18f90 17a52858 00000000 09740038
0x1830e83c:   00000010 1517fc00 1830e874 09711c90
0x1830e84c:   096a6b80 096ace30 019394e7 00000001
0x1830e85c:   096ace30 04100830 096b1980 096b1980
0x1830e86c:   00000001 096a6b80 09350a48 1830f114 

Instructions: (pc=0x6b815998)
0x6b815978:   c4 0c 8b 45 fc eb 02 33 c0 5f 5e 5b c9 c2 24 00
0x6b815988:   8b 4c 24 0c b8 00 08 00 00 85 c9 74 18 8b 49 08
0x6b815998:   8b 89 2c 01 00 00 85 c9 74 0b 8b 49 28 85 c9 74
0x6b8159a8:   04 0f b7 41 16 99 c2 10 00 55 8b ec 56 ff 75 18 


Register to memory mapping:

EAX=0x00000800 is an unknown value
EBX=0x00000000 is an unknown value
ECX=0x65657267 is an unknown value
EDX=0x1517fd40 is an unknown value
ESP=0x1830e7fc is pointing into the stack for thread: 0x1517fc00
EBP=0x1830e828 is pointing into the stack for thread: 0x1517fc00
ESI=0x17a52858 is an unknown value
EDI=0x1517fc00 is a thread


Stack: [0x182c0000,0x18310000],  sp=0x1830e7fc,  free space=313k
Native frames: (J=compiled Java code, j=interpreted, Vv=VM code, C=native code)
C  [t2k.dll+0x15998]
J 916 C1 sun.font.T2KFontScaler.getUnitsPerEm()J (25 bytes) @ 0x01f18f90 [0x01f18d10+0x280]
J 915 C1 sun.font.FileFont.getUnitsPerEm()J (8 bytes) @ 0x01f18acc [0x01f18a90+0x3c]
J 909 C1 sun.font.SunLayoutEngine.layout(Lsun/font/FontStrikeDesc;[FIILsun/font/TextRecord;ILjava/awt/geom/Point2D$Float;Lsun/font/GlyphLayout$GVData;)V (102 bytes) @ 0x01f171fc [0x01f17090+0x16c]
J 902 C1 sun.font.GlyphLayout$EngineRecord.layout()V (101 bytes) @ 0x01f16320 [0x01f16250+0xd0]
J 556 C1 sun.font.GlyphLayout.layout(Ljava/awt/Font;Ljava/awt/font/FontRenderContext;[CIIILsun/font/StandardGlyphVector;)Lsun/font/StandardGlyphVector; (668 bytes) @ 0x01e2bdd4 [0x01e2b5e0+0x7f4]
J 885 C1 sun.font.ExtendedTextSourceLabel.createGV()Lsun/font/StandardGlyphVector; (79 bytes) @ 0x01f10e84 [0x01f10da0+0xe4]
J 883 C1 sun.font.ExtendedTextSourceLabel.getAdvance()F (24 bytes) @ 0x01f107a0 [0x01f10760+0x40]
J 636 C1 java.awt.font.TextLine.init()V (1056 bytes) @ 0x01eb2868 [0x01eb2050+0x818]
J 877 C1 java.awt.font.TextLine.<init>(Ljava/awt/font/FontRenderContext;[Lsun/font/TextLineComponent;[F[CII[I[BZ)V (83 bytes) @ 0x01f0f660 [0x01f0f560+0x100]
J 475 C1 java.awt.font.TextLine.fastCreateTextLine(Ljava/awt/font/FontRenderContext;[CLjava/awt/Font;Lsun/font/CoreMetrics;Ljava/util/Map;)Ljava/awt/font/TextLine; (341 bytes) @ 0x01e9690c [0x01e96160+0x7ac]
J 856 C1 java.awt.font.TextLayout.fastInit([CLjava/awt/Font;Ljava/util/Map;Ljava/awt/font/FontRenderContext;)V (90 bytes) @ 0x01f075e4 [0x01f074e0+0x104]
J 854 C1 java.awt.font.TextLayout.<init>(Ljava/lang/String;Ljava/awt/Font;Ljava/awt/font/FontRenderContext;)V (180 bytes) @ 0x01f06c04 [0x01f06a00+0x204]
J 634 C1 greenfoot.util.GraphicsUtilities.getMultiLineStringDimensions([Ljava/lang/String;ID)Lgreenfoot/util/GraphicsUtilities$MultiLineStringDimensions; (294 bytes) @ 0x01eafaa8 [0x01eaefd0+0xad8]
J 846 C1 greenfoot.GreenfootImage.<init>(Ljava/lang/String;ILjava/awt/Color;Ljava/awt/Color;Ljava/awt/Color;)V (131 bytes) @ 0x01f02640 [0x01f02550+0xf0]
J 845 C1 greenfoot.GreenfootImage.<init>(Ljava/lang/String;ILgreenfoot/Color;Lgreenfoot/Color;)V (17 bytes) @ 0x01f021e8 [0x01f02190+0x58]
j  Text.<init>()V+43
j  GameWorld.<init>()V+16
v  ~StubRoutines::call_stub
V  [jvm.dll+0x15a895]
V  [jvm.dll+0x220bfe]
V  [jvm.dll+0x15a92e]
V  [jvm.dll+0x167178]
V  [jvm.dll+0x167521]
V  [jvm.dll+0x103e28]
C  [java.dll+0x3b3a]
j  sun.reflect.NativeConstructorAccessorImpl.newInstance([Ljava/lang/Object;)Ljava/lang/Object;+85
j  sun.reflect.DelegatingConstructorAccessorImpl.newInstance([Ljava/lang/Object;)Ljava/lang/Object;+5
j  java.lang.reflect.Constructor.newInstance([Ljava/lang/Object;)Ljava/lang/Object;+79
j  greenfoot.core.Simulation.newInstance(Ljava/lang/reflect/Constructor;)Ljava/lang/Object;+5
j  greenfoot.platforms.ide.WorldHandlerDelegateIDE.lambda$instantiateNewWorld$7(Ljava/lang/Class;)V+16
j  greenfoot.platforms.ide.WorldHandlerDelegateIDE$$Lambda$70.run()V+8
j  greenfoot.core.Simulation.runQueuedTasks()V+68
j  greenfoot.core.Simulation.maybePause()V+8
j  greenfoot.core.Simulation.runContent()V+8
j  greenfoot.core.Simulation.run()V+1
v  ~StubRoutines::call_stub
V  [jvm.dll+0x15a895]
V  [jvm.dll+0x220bfe]
V  [jvm.dll+0x15a92e]
V  [jvm.dll+0x15aab6]
V  [jvm.dll+0x15ab27]
V  [jvm.dll+0xfef8f]
V  [jvm.dll+0x17d6f0]
V  [jvm.dll+0x17df6a]
V  [jvm.dll+0x1c29c6]
C  [msvcr100.dll+0x5c556]
C  [msvcr100.dll+0x5c600]
C  [kernel32.dll+0x4ef1c]
C  [ntdll.dll+0x63648]
C  [ntdll.dll+0x6361b]
C  0x00000000

Java frames: (J=compiled Java code, j=interpreted, Vv=VM code)
J 917  sun.font.T2KFontScaler.getUnitsPerEMNative(J)J (0 bytes) @ 0x01ef63dd [0x01ef6390+0x4d]
J 916 C1 sun.font.T2KFontScaler.getUnitsPerEm()J (25 bytes) @ 0x01f18f90 [0x01f18d10+0x280]
J 915 C1 sun.font.FileFont.getUnitsPerEm()J (8 bytes) @ 0x01f18acc [0x01f18a90+0x3c]
J 909 C1 sun.font.SunLayoutEngine.layout(Lsun/font/FontStrikeDesc;[FIILsun/font/TextRecord;ILjava/awt/geom/Point2D$Float;Lsun/font/GlyphLayout$GVData;)V (102 bytes) @ 0x01f171fc [0x01f17090+0x16c]
J 902 C1 sun.font.GlyphLayout$EngineRecord.layout()V (101 bytes) @ 0x01f16320 [0x01f16250+0xd0]
J 556 C1 sun.font.GlyphLayout.layout(Ljava/awt/Font;Ljava/awt/font/FontRenderContext;[CIIILsun/font/StandardGlyphVector;)Lsun/font/StandardGlyphVector; (668 bytes) @ 0x01e2bdd4 [0x01e2b5e0+0x7f4]
J 885 C1 sun.font.ExtendedTextSourceLabel.createGV()Lsun/font/StandardGlyphVector; (79 bytes) @ 0x01f10e84 [0x01f10da0+0xe4]
J 883 C1 sun.font.ExtendedTextSourceLabel.getAdvance()F (24 bytes) @ 0x01f107a0 [0x01f10760+0x40]
J 636 C1 java.awt.font.TextLine.init()V (1056 bytes) @ 0x01eb2868 [0x01eb2050+0x818]
J 877 C1 java.awt.font.TextLine.<init>(Ljava/awt/font/FontRenderContext;[Lsun/font/TextLineComponent;[F[CII[I[BZ)V (83 bytes) @ 0x01f0f660 [0x01f0f560+0x100]
J 475 C1 java.awt.font.TextLine.fastCreateTextLine(Ljava/awt/font/FontRenderContext;[CLjava/awt/Font;Lsun/font/CoreMetrics;Ljava/util/Map;)Ljava/awt/font/TextLine; (341 bytes) @ 0x01e9690c [0x01e96160+0x7ac]
J 856 C1 java.awt.font.TextLayout.fastInit([CLjava/awt/Font;Ljava/util/Map;Ljava/awt/font/FontRenderContext;)V (90 bytes) @ 0x01f075e4 [0x01f074e0+0x104]
J 854 C1 java.awt.font.TextLayout.<init>(Ljava/lang/String;Ljava/awt/Font;Ljava/awt/font/FontRenderContext;)V (180 bytes) @ 0x01f06c04 [0x01f06a00+0x204]
J 634 C1 greenfoot.util.GraphicsUtilities.getMultiLineStringDimensions([Ljava/lang/String;ID)Lgreenfoot/util/GraphicsUtilities$MultiLineStringDimensions; (294 bytes) @ 0x01eafaa8 [0x01eaefd0+0xad8]
J 846 C1 greenfoot.GreenfootImage.<init>(Ljava/lang/String;ILjava/awt/Color;Ljava/awt/Color;Ljava/awt/Color;)V (131 bytes) @ 0x01f02640 [0x01f02550+0xf0]
J 845 C1 greenfoot.GreenfootImage.<init>(Ljava/lang/String;ILgreenfoot/Color;Lgreenfoot/Color;)V (17 bytes) @ 0x01f021e8 [0x01f02190+0x58]
j  Text.<init>()V+43
j  GameWorld.<init>()V+16
v  ~StubRoutines::call_stub
j  sun.reflect.NativeConstructorAccessorImpl.newInstance0(Ljava/lang/reflect/Constructor;[Ljava/lang/Object;)Ljava/lang/Object;+0
j  sun.reflect.NativeConstructorAccessorImpl.newInstance([Ljava/lang/Object;)Ljava/lang/Object;+85
j  sun.reflect.DelegatingConstructorAccessorImpl.newInstance([Ljava/lang/Object;)Ljava/lang/Object;+5
j  java.lang.reflect.Constructor.newInstance([Ljava/lang/Object;)Ljava/lang/Object;+79
j  greenfoot.core.Simulation.newInstance(Ljava/lang/reflect/Constructor;)Ljava/lang/Object;+5
j  greenfoot.platforms.ide.WorldHandlerDelegateIDE.lambda$instantiateNewWorld$7(Ljava/lang/Class;)V+16
j  greenfoot.platforms.ide.WorldHandlerDelegateIDE$$Lambda$70.run()V+8
j  greenfoot.core.Simulation.runQueuedTasks()V+68
j  greenfoot.core.Simulation.maybePause()V+8
j  greenfoot.core.Simulation.runContent()V+8
j  greenfoot.core.Simulation.run()V+1
v  ~StubRoutines::call_stub

---------------  P R O C E S S  ---------------

Java Threads: ( => current thread )
  0x1792a400 JavaThread "TimerQueue" daemon [_thread_blocked, id=12024, stack(0x19130000,0x19180000)]
  0x1792ac00 JavaThread "main" [_thread_blocked, id=5724, stack(0x18240000,0x18290000)]
=>0x1517fc00 JavaThread "SimulationThread" [_thread_in_native, id=6796, stack(0x182c0000,0x18310000)]
  0x1517f000 JavaThread "Thread-7" daemon [_thread_in_native, id=4372, stack(0x15d40000,0x15d90000)]
  0x1517e800 JavaThread "JavaFX Application Thread" [_thread_in_native, id=10820, stack(0x16290000,0x162e0000)]
  0x1517e000 JavaThread "Thread-6" daemon [_thread_blocked, id=5144, stack(0x15bf0000,0x15c40000)]
  0x1517dc00 JavaThread "QuantumRenderer-0" daemon [_thread_blocked, id=11876, stack(0x16060000,0x160b0000)]
  0x1517d400 JavaThread "AWT-EventQueue-0" [_thread_blocked, id=10144, stack(0x14cb0000,0x14d00000)]
  0x1517d000 JavaThread "RMI TCP Connection(1)-127.0.0.1" daemon [_thread_in_native, id=10136, stack(0x15df0000,0x15e40000)]
  0x1517c800 JavaThread "RMI Reaper" [_thread_blocked, id=4208, stack(0x15aa0000,0x15af0000)]
  0x1517c400 JavaThread "RMI TCP Accept-0" daemon [_thread_in_native, id=8528, stack(0x15990000,0x159e0000)]
  0x1514d800 JavaThread "GC Daemon" daemon [_thread_blocked, id=4740, stack(0x15910000,0x15960000)]
  0x15152400 JavaThread "RMI RenewClean-[127.0.0.1:55539]" daemon [_thread_blocked, id=4364, stack(0x158b0000,0x15900000)]
  0x15150800 JavaThread "RMI Scheduler(0)" daemon [_thread_blocked, id=9224, stack(0x15b10000,0x15b60000)]
  0x007dcc00 JavaThread "DestroyJavaVM" [_thread_blocked, id=9280, stack(0x01940000,0x01990000)]
  0x14f32400 JavaThread "BlueJ worker thread" [_thread_blocked, id=1232, stack(0x15350000,0x153a0000)]
  0x14455c00 JavaThread "AWT-Windows" daemon [_thread_in_native, id=2288, stack(0x14810000,0x14860000)]
  0x1444ec00 JavaThread "AWT-Shutdown" [_thread_blocked, id=10560, stack(0x14700000,0x14750000)]
  0x1444e800 JavaThread "Java2D Disposer" daemon [_thread_blocked, id=7108, stack(0x14a60000,0x14ab0000)]
  0x142f1800 JavaThread "Service Thread" daemon [_thread_blocked, id=4748, stack(0x148d0000,0x14920000)]
  0x142dac00 JavaThread "C1 CompilerThread0" daemon [_thread_blocked, id=9832, stack(0x14640000,0x14690000)]
  0x142d0800 JavaThread "JDWP Command Reader" daemon [_thread_in_native, id=6520, stack(0x14690000,0x146e0000)]
  0x142cec00 JavaThread "JDWP Event Helper Thread" daemon [_thread_blocked, id=8676, stack(0x14790000,0x147e0000)]
  0x142c1000 JavaThread "JDWP Transport Listener: dt_shmem" daemon [_thread_blocked, id=11076, stack(0x019c0000,0x01a10000)]
  0x142c8400 JavaThread "Attach Listener" daemon [_thread_blocked, id=1260, stack(0x14580000,0x145d0000)]
  0x142c5400 JavaThread "Signal Dispatcher" daemon [_thread_blocked, id=5108, stack(0x145e0000,0x14630000)]
  0x142a6800 JavaThread "Finalizer" daemon [_thread_blocked, id=5948, stack(0x03d20000,0x03d70000)]
  0x14280800 JavaThread "Reference Handler" daemon [_thread_blocked, id=4036, stack(0x14480000,0x144d0000)]

Other Threads:
  0x14279c00 VMThread [stack: 0x03db0000,0x03e00000] [id=9552]
  0x14307000 WatcherThread [stack: 0x14880000,0x148d0000] [id=8160]

VM state:not at safepoint (normal execution)

VM Mutex/Monitor currently owned by a thread: None

Heap:
 def new generation   total 8640K, used 3226K [0x03e00000, 0x04760000, 0x09350000)
  eden space 7680K,  42% used [0x03e00000, 0x041269f0, 0x04580000)
  from space 960K,   0% used [0x04580000, 0x04580000, 0x04670000)
  to   space 960K,   0% used [0x04670000, 0x04670000, 0x04760000)
 tenured generation   total 19080K, used 8145K [0x09350000, 0x0a5f2000, 0x13e00000)
   the space 19080K,  42% used [0x09350000, 0x09b44678, 0x09b44800, 0x0a5f2000)
 Metaspace       used 12133K, capacity 12488K, committed 12544K, reserved 12672K

Card table byte_map: [0x00730000,0x007c0000] byte_map_base: 0x00711000

Polling page: 0x00180000

CodeCache: size=32768Kb used=2199Kb max_used=2199Kb free=30568Kb
 bounds [0x01d20000, 0x01f48000, 0x03d20000]
 total_blobs=1372 nmethods=1075 adapters=236
 compilation: enabled

Compilation events (10 events):
Event: 30.042 Thread 0x142dac00 nmethod 1075 0x01f43648 code [0x01f43740, 0x01f437c0]
Event: 30.042 Thread 0x142dac00 1076             javax.swing.JComponent::getY (5 bytes)
Event: 30.042 Thread 0x142dac00 nmethod 1076 0x01f43808 code [0x01f43900, 0x01f43980]
Event: 30.057 Thread 0x142dac00 1077             java.util.ArrayList$Itr::next (66 bytes)
Event: 30.057 Thread 0x142dac00 nmethod 1077 0x01f439c8 code [0x01f43b10, 0x01f43d14]
Event: 30.167 Thread 0x142dac00 1079             java.io.ObjectInputStream$HandleTable::finish (111 bytes)
Event: 30.168 Thread 0x142dac00 nmethod 1079 0x01f44248 code [0x01f44370, 0x01f4457c]
Event: 30.169 Thread 0x142dac00 1080             java.lang.Long::longValue (5 bytes)
Event: 30.169 Thread 0x142dac00 nmethod 1080 0x01f44788 code [0x01f44880, 0x01f44900]
Event: 30.175 Thread 0x142dac00 1081   !         javax.swing.RepaintManager::addDirtyRegion0 (205 bytes)

GC Heap History (10 events):
Event: 1.826 GC heap before
{Heap before GC invocations=17 (full 3):
 def new generation   total 8640K, used 8422K [0x03e00000, 0x04760000, 0x09350000)
  eden space 7680K, 100% used [0x03e00000, 0x04580000, 0x04580000)
  from space 960K,  77% used [0x04580000, 0x04639af8, 0x04670000)
  to   space 960K,   0% used [0x04670000, 0x04670000, 0x04760000)
 tenured generation   total 19080K, used 13572K [0x09350000, 0x0a5f2000, 0x13e00000)
   the space 19080K,  71% used [0x09350000, 0x0a0913d0, 0x0a091400, 0x0a5f2000)
 Metaspace       used 11939K, capacity 12270K, committed 12288K, reserved 12672K
Event: 1.829 GC heap after
Heap after GC invocations=18 (full 3):
 def new generation   total 8640K, used 765K [0x03e00000, 0x04760000, 0x09350000)
  eden space 7680K,   0% used [0x03e00000, 0x03e00000, 0x04580000)
  from space 960K,  79% used [0x04670000, 0x0472f480, 0x04760000)
  to   space 960K,   0% used [0x04580000, 0x04580000, 0x04670000)
 tenured generation   total 19080K, used 14282K [0x09350000, 0x0a5f2000, 0x13e00000)
   the space 19080K,  74% used [0x09350000, 0x0a142810, 0x0a142a00, 0x0a5f2000)
 Metaspace       used 11939K, capacity 12270K, committed 12288K, reserved 12672K
}
Event: 1.850 GC heap before
{Heap before GC invocations=18 (full 3):
 def new generation   total 8640K, used 8445K [0x03e00000, 0x04760000, 0x09350000)
  eden space 7680K, 100% used [0x03e00000, 0x04580000, 0x04580000)
  from space 960K,  79% used [0x04670000, 0x0472f480, 0x04760000)
  to   space 960K,   0% used [0x04580000, 0x04580000, 0x04670000)
 tenured generation   total 19080K, used 14282K [0x09350000, 0x0a5f2000, 0x13e00000)
   the space 19080K,  74% used [0x09350000, 0x0a142810, 0x0a142a00, 0x0a5f2000)
 Metaspace       used 11939K, capacity 12270K, committed 12288K, reserved 12672K
Event: 1.852 GC heap after
Heap after GC invocations=19 (full 3):
 def new generation   total 8640K, used 746K [0x03e00000, 0x04760000, 0x09350000)
  eden space 7680K,   0% used [0x03e00000, 0x03e00000, 0x04580000)
  from space 960K,  77% used [0x04580000, 0x0463ab10, 0x04670000)
  to   space 960K,   0% used [0x04670000, 0x04670000, 0x04760000)
 tenured generation   total 19080K, used 15026K [0x09350000, 0x0a5f2000, 0x13e00000)
   the space 19080K,  78% used [0x09350000, 0x0a1fca00, 0x0a1fca00, 0x0a5f2000)
 Metaspace       used 11939K, capacity 12270K, committed 12288K, reserved 12672K
}
Event: 1.874 GC heap before
{Heap before GC invocations=19 (full 3):
 def new generation   total 8640K, used 8426K [0x03e00000, 0x04760000, 0x09350000)
  eden space 7680K, 100% used [0x03e00000, 0x04580000, 0x04580000)
  from space 960K,  77% used [0x04580000, 0x0463ab10, 0x04670000)
  to   space 960K,   0% used [0x04670000, 0x04670000, 0x04760000)
 tenured generation   total 19080K, used 15026K [0x09350000, 0x0a5f2000, 0x13e00000)
   the space 19080K,  78% used [0x09350000, 0x0a1fca00, 0x0a1fca00, 0x0a5f2000)
 Metaspace       used 11939K, capacity 12270K, committed 12288K, reserved 12672K
Event: 1.876 GC heap after
Heap after GC invocations=20 (full 3):
 def new generation   total 8640K, used 741K [0x03e00000, 0x04760000, 0x09350000)
  eden space 7680K,   0% used [0x03e00000, 0x03e00000, 0x04580000)
  from space 960K,  77% used [0x04670000, 0x04729468, 0x04760000)
  to   space 960K,   0% used [0x04580000, 0x04580000, 0x04670000)
 tenured generation   total 19080K, used 15736K [0x09350000, 0x0a5f2000, 0x13e00000)
   the space 19080K,  82% used [0x09350000, 0x0a2ae210, 0x0a2ae400, 0x0a5f2000)
 Metaspace       used 11939K, capacity 12270K, committed 12288K, reserved 12672K
}
Event: 1.898 GC heap before
{Heap before GC invocations=20 (full 3):
 def new generation   total 8640K, used 8421K [0x03e00000, 0x04760000, 0x09350000)
  eden space 7680K, 100% used [0x03e00000, 0x04580000, 0x04580000)
  from space 960K,  77% used [0x04670000, 0x04729468, 0x04760000)
  to   space 960K,   0% used [0x04580000, 0x04580000, 0x04670000)
 tenured generation   total 19080K, used 15736K [0x09350000, 0x0a5f2000, 0x13e00000)
   the space 19080K,  82% used [0x09350000, 0x0a2ae210, 0x0a2ae400, 0x0a5f2000)
 Metaspace       used 11939K, capacity 12270K, committed 12288K, reserved 12672K
Event: 1.900 GC heap after
Heap after GC invocations=21 (full 3):
 def new generation   total 8640K, used 740K [0x03e00000, 0x04760000, 0x09350000)
  eden space 7680K,   0% used [0x03e00000, 0x03e00000, 0x04580000)
  from space 960K,  77% used [0x04580000, 0x046391e0, 0x04670000)
  to   space 960K,   0% used [0x04670000, 0x04670000, 0x04760000)
 tenured generation   total 19080K, used 16443K [0x09350000, 0x0a5f2000, 0x13e00000)
   the space 19080K,  86% used [0x09350000, 0x0a35edf8, 0x0a35ee00, 0x0a5f2000)
 Metaspace       used 11939K, capacity 12270K, committed 12288K, reserved 12672K
}
Event: 2.563 GC heap before
{Heap before GC invocations=21 (full 3):
 def new generation   total 8640K, used 5822K [0x03e00000, 0x04760000, 0x09350000)
  eden space 7680K,  66% used [0x03e00000, 0x042f6740, 0x04580000)
  from space 960K,  77% used [0x04580000, 0x046391e0, 0x04670000)
  to   space 960K,   0% used [0x04670000, 0x04670000, 0x04760000)
 tenured generation   total 19080K, used 16443K [0x09350000, 0x0a5f2000, 0x13e00000)
   the space 19080K,  86% used [0x09350000, 0x0a35edf8, 0x0a35ee00, 0x0a5f2000)
 Metaspace       used 11946K, capacity 12277K, committed 12288K, reserved 12672K
Event: 2.583 GC heap after
Heap after GC invocations=22 (full 4):
 def new generation   total 8640K, used 0K [0x03e00000, 0x04760000, 0x09350000)
  eden space 7680K,   0% used [0x03e00000, 0x03e00000, 0x04580000)
  from space 960K,   0% used [0x04580000, 0x04580000, 0x04670000)
  to   space 960K,   0% used [0x04670000, 0x04670000, 0x04760000)
 tenured generation   total 19080K, used 8145K [0x09350000, 0x0a5f2000, 0x13e00000)
   the space 19080K,  42% used [0x09350000, 0x09b44678, 0x09b44800, 0x0a5f2000)
 Metaspace       used 11946K, capacity 12277K, committed 12288K, reserved 12672K
}

Deoptimization events (0 events):
No events

Internal exceptions (10 events):
Event: 0.561 Thread 0x15152400 Exception <a 'java/lang/InterruptedException'> (0x03e29320) thrown at [C:\re\workspace\8-2-build-windows-i586-cygwin\jdk8u111\7883\hotspot\src\share\vm\runtime\objectMonitor.cpp, line 1684]
Event: 0.658 Thread 0x15172400 Exception <a 'java/io/FileNotFoundException'> (0x03faa158) thrown at [C:\re\workspace\8-2-build-windows-i586-cygwin\jdk8u111\7883\hotspot\src\share\vm\prims\jni.cpp, line 709]
Event: 0.719 Thread 0x15172400 Exception <a 'java/lang/ClassNotFoundException': sun/net/www/protocol/c/Handler> (0x04144df8) thrown at [C:\re\workspace\8-2-build-windows-i586-cygwin\jdk8u111\7883\hotspot\src\share\vm\classfile\systemDictionary.cpp, line 210]
Event: 0.719 Thread 0x15172400 Exception <a 'java/lang/ClassNotFoundException': sun/net/www/protocol/c/Handler> (0x0414b1f8) thrown at [C:\re\workspace\8-2-build-windows-i586-cygwin\jdk8u111\7883\hotspot\src\share\vm\classfile\systemDictionary.cpp, line 210]
Event: 0.719 Thread 0x15172400 Exception <a 'java/lang/ClassNotFoundException': sun/net/www/protocol/c/Handler> (0x04150d98) thrown at [C:\re\workspace\8-2-build-windows-i586-cygwin\jdk8u111\7883\hotspot\src\share\vm\classfile\systemDictionary.cpp, line 210]
Event: 0.863 Thread 0x1517d400 Exception <a 'java/lang/NullPointerException'> (0x041bf690) thrown at [C:\re\workspace\8-2-build-windows-i586-cygwin\jdk8u111\7883\hotspot\src\share\vm\interpreter\linkResolver.cpp, line 1178]
Event: 1.912 Thread 0x1517fc00 Exception <a 'java/lang/StackOverflowError'> (0x0420b938) thrown at [C:\re\workspace\8-2-build-windows-i586-cygwin\jdk8u111\7883\hotspot\src\share\vm\runtime\javaCalls.cpp, line 386]
Event: 1.912 Thread 0x1517fc00 Exception <a 'java/lang/StackOverflowError'> (0x0420f568) thrown at [C:\re\workspace\8-2-build-windows-i586-cygwin\jdk8u111\7883\hotspot\src\share\vm\runtime\javaCalls.cpp, line 386]
Event: 1.912 Thread 0x1517fc00 Exception <a 'java/lang/StackOverflowError'> (0x04213188) thrown at [C:\re\workspace\8-2-build-windows-i586-cygwin\jdk8u111\7883\hotspot\src\share\vm\runtime\javaCalls.cpp, line 386]
Event: 1.926 Thread 0x1517fc00 Exception <a 'java/lang/reflect/InvocationTargetException'> (0x04216e10) thrown at [C:\re\workspace\8-2-build-windows-i586-cygwin\jdk8u111\7883\hotspot\src\share\vm\runtime\reflection.cpp, line 1092]

Events (10 events):
Event: 29.040 Thread 0x1517d000 DEOPT PACKING pc=0x01e54368 sp=0x15e3de00
Event: 29.040 Thread 0x1517d000 DEOPT UNPACKING pc=0x01d5c5db sp=0x15e3dd20 mode 1
Event: 29.040 Executing VM operation: RevokeBias
Event: 29.040 Executing VM operation: RevokeBias done
Event: 29.040 Thread 0x1517d000 DEOPT PACKING pc=0x01e542d4 sp=0x15e3dee0
Event: 29.040 Thread 0x1517d000 DEOPT UNPACKING pc=0x01d5c5db sp=0x15e3de0c mode 1
Event: 29.041 loading class greenfoot/gui/GreenfootFrame
Event: 29.041 loading class greenfoot/gui/GreenfootFrame done
Event: 30.176 Executing VM operation: RevokeBias
Event: 30.176 Executing VM operation: RevokeBias done


Dynamic libraries:
0x00940000 - 0x00973000 	C:\Program Files\Greenfoot\jdk\jre\bin\java.exe
0x76eb0000 - 0x76ff2000 	C:\Windows\SYSTEM32\ntdll.dll
0x769c0000 - 0x76a95000 	C:\Windows\system32\kernel32.dll
0x750f0000 - 0x7513b000 	C:\Windows\system32\KERNELBASE.dll
0x74c70000 - 0x74cde000 	C:\Windows\System32\SYSFER.DLL
0x758b0000 - 0x75951000 	C:\Windows\system32\ADVAPI32.dll
0x75210000 - 0x752bc000 	C:\Windows\system32\msvcrt.dll
0x752d0000 - 0x752e9000 	C:\Windows\SYSTEM32\sechost.dll
0x752f0000 - 0x75392000 	C:\Windows\system32\RPCRT4.dll
0x75560000 - 0x75629000 	C:\Windows\system32\USER32.dll
0x75970000 - 0x759be000 	C:\Windows\system32\GDI32.dll
0x77090000 - 0x7709a000 	C:\Windows\system32\LPK.dll
0x759f0000 - 0x75a8d000 	C:\Windows\system32\USP10.dll
0x73cb0000 - 0x73e4e000 	C:\Windows\WinSxS\x86_microsoft.windows.common-controls_6595b64144ccf1df_6.0.7601.18837_none_41e855142bd5705d\COMCTL32.dll
0x770a0000 - 0x770f7000 	C:\Windows\system32\SHLWAPI.dll
0x75890000 - 0x758af000 	C:\Windows\system32\IMM32.DLL
0x75140000 - 0x7520c000 	C:\Windows\system32\MSCTF.dll
0x65b70000 - 0x65c2f000 	C:\Program Files\Greenfoot\jdk\jre\bin\msvcr100.dll
0x617c0000 - 0x61b8d000 	C:\Program Files\Greenfoot\jdk\jre\bin\client\jvm.dll
0x72440000 - 0x72447000 	C:\Windows\system32\WSOCK32.dll
0x76920000 - 0x76955000 	C:\Windows\system32\WS2_32.dll
0x752c0000 - 0x752c6000 	C:\Windows\system32\NSI.dll
0x73780000 - 0x737b2000 	C:\Windows\system32\WINMM.dll
0x742c0000 - 0x742c9000 	C:\Windows\system32\VERSION.dll
0x75960000 - 0x75965000 	C:\Windows\system32\PSAPI.DLL
0x732c0000 - 0x732cc000 	C:\Program Files\Greenfoot\jdk\jre\bin\verify.dll
0x6d320000 - 0x6d341000 	C:\Program Files\Greenfoot\jdk\jre\bin\java.dll
0x6bae0000 - 0x6bb09000 	C:\Program Files\Greenfoot\jdk\jre\bin\jdwp.dll
0x71260000 - 0x71267000 	C:\Program Files\Greenfoot\jdk\jre\bin\npt.dll
0x72390000 - 0x723a3000 	C:\Program Files\Greenfoot\jdk\jre\bin\zip.dll
0x75cd0000 - 0x7691b000 	C:\Windows\system32\SHELL32.dll
0x753a0000 - 0x754fd000 	C:\Windows\system32\ole32.dll
0x74e10000 - 0x74e1b000 	C:\Windows\system32\profapi.dll
0x712a0000 - 0x712a9000 	C:\Program Files\Greenfoot\jdk\jre\bin\dt_shmem.dll
0x63ee0000 - 0x64026000 	C:\Program Files\Greenfoot\jdk\jre\bin\awt.dll
0x76b20000 - 0x76bb1000 	C:\Windows\system32\OLEAUT32.dll
0x73c70000 - 0x73cb0000 	C:\Windows\system32\uxtheme.dll
0x03d70000 - 0x03da9000 	C:\Program Files\NetSupport\NetSupport School\pciappctrl.dll
0x72200000 - 0x722eb000 	C:\Windows\system32\dbghelp.dll
0x724e0000 - 0x724f2000 	C:\Windows\system32\MPR.dll
0x730b0000 - 0x730d3000 	C:\Program Files\Common Files\NSL\NSCommonHook.dll
0x723e0000 - 0x72431000 	C:\Windows\system32\Winspool.drv
0x73840000 - 0x73853000 	C:\Windows\system32\dwmapi.dll
0x74d30000 - 0x74d3c000 	C:\Windows\system32\CRYPTBASE.dll
0x74830000 - 0x74847000 	C:\Windows\system32\CRYPTSP.dll
0x745c0000 - 0x745fb000 	C:\Windows\system32\rsaenh.dll
0x74e50000 - 0x74e67000 	C:\Windows\system32\USERENV.dll
0x6d010000 - 0x6d026000 	C:\Program Files\Greenfoot\jdk\jre\bin\net.dll
0x008e0000 - 0x008fe000 	C:\Program Files\Common Files\NSL\nslsp.dll
0x747f0000 - 0x7482c000 	C:\Windows\system32\mswsock.dll
0x747e0000 - 0x747e6000 	C:\Windows\System32\wship6.dll
0x72b20000 - 0x72b3c000 	C:\Windows\system32\IPHLPAPI.DLL
0x72b10000 - 0x72b17000 	C:\Windows\system32\WINNSI.DLL
0x729f0000 - 0x729fd000 	C:\Windows\system32\dhcpcsvc6.DLL
0x72970000 - 0x72982000 	C:\Windows\system32\dhcpcsvc.DLL
0x733f0000 - 0x733ff000 	C:\Program Files\Greenfoot\jdk\jre\bin\nio.dll
0x6b840000 - 0x6b92e000 	C:\Program Files\Greenfoot\jdk\jre\bin\msvcr120.dll
0x69d40000 - 0x69db1000 	C:\Program Files\Greenfoot\jdk\jre\bin\msvcp120.dll
0x73010000 - 0x7302e000 	C:\Program Files\Greenfoot\jdk\jre\bin\prism_d3d.dll
0x66a60000 - 0x66c23000 	C:\Windows\system32\d3d9.dll
0x733e0000 - 0x733e6000 	C:\Windows\system32\d3d8thk.dll
0x5b9d0000 - 0x5c3c9000 	C:\Windows\system32\igdumdim32.dll
0x61b90000 - 0x61f05000 	C:\Windows\system32\igdusc32.dll
0x6d470000 - 0x6d4a3000 	C:\Program Files\Greenfoot\jdk\jre\bin\glass.dll
0x76aa0000 - 0x76b1b000 	C:\Windows\system32\COMDLG32.dll
0x6cfd0000 - 0x6d009000 	C:\Program Files\Greenfoot\jdk\jre\bin\fontmanager.dll
0x6b800000 - 0x6b832000 	C:\Program Files\Greenfoot\jdk\jre\bin\t2k.dll
0x77000000 - 0x77083000 	C:\Windows\system32\CLBCatQ.DLL
0x73640000 - 0x73771000 	C:\Windows\system32\WindowsCodecs.dll
0x74ce0000 - 0x74d2c000 	C:\Windows\system32\apphelp.dll
0x69b30000 - 0x69bbf000 	C:\Program Files\Google\Drive\googledrivesync32.dll
0x6a770000 - 0x6a7fe000 	C:\Program Files\Google\Drive\Microsoft.VC90.CRT\MSVCP90.dll
0x6a3c0000 - 0x6a463000 	C:\Program Files\Google\Drive\Microsoft.VC90.CRT\MSVCR90.dll
0x6ca40000 - 0x6ca71000 	C:\Windows\system32\EhStorShell.dll
0x76d10000 - 0x76ead000 	C:\Windows\system32\SETUPAPI.dll
0x75030000 - 0x75057000 	C:\Windows\system32\CFGMGR32.dll
0x74e30000 - 0x74e42000 	C:\Windows\system32\DEVOBJ.dll
0x73860000 - 0x73955000 	C:\Windows\system32\PROPSYS.dll
0x6b350000 - 0x6b3ba000 	C:\Windows\System32\cscui.dll
0x6e600000 - 0x6e609000 	C:\Windows\System32\CSCDLL.dll
0x6eaf0000 - 0x6eafb000 	C:\Windows\system32\CSCAPI.dll
0x6c8c0000 - 0x6c930000 	C:\Windows\system32\ntshrui.dll
0x74440000 - 0x74459000 	C:\Windows\system32\srvcli.dll
0x72bb0000 - 0x72bba000 	C:\Windows\system32\slc.dll
0x72e00000 - 0x72e0a000 	C:\Program Files\Greenfoot\jdk\jre\bin\management.dll
0x72bd0000 - 0x72be0000 	C:\Windows\system32\NLAapi.dll
0x70cd0000 - 0x70ce0000 	C:\Windows\system32\napinsp.dll
0x70cb0000 - 0x70cc2000 	C:\Windows\system32\pnrpnsp.dll
0x147e0000 - 0x147f9000 	C:\Program Files\Bonjour\mdnsNSP.dll
0x746b0000 - 0x746f4000 	C:\Windows\system32\DNSAPI.dll
0x70ca0000 - 0x70ca8000 	C:\Windows\System32\winrnr.dll
0x742a0000 - 0x742a5000 	C:\Windows\System32\wshtcpip.dll
0x70c90000 - 0x70c96000 	C:\Windows\system32\rasadhlp.dll
0x72a10000 - 0x72a48000 	C:\Windows\System32\fwpuclnt.dll
0x72080000 - 0x720a4000 	C:\Program Files\Greenfoot\jdk\jre\bin\dcpr.dll

VM Arguments:
jvm_args: -Dawt.useSystemAAFontSettings=on -XX:MaxGCPauseMillis=50 -agentlib:jdwp=transport=dt_shmem,address=javadebug -Dfile.encoding=UTF-8 
java_command: bluej.runtime.ExecServer UTF-8
java_class_path (initial): C:\Program Files\Greenfoot\lib\extensions\greenfoot.jar;C:\Program Files\Greenfoot\lib\bluejcore.jar;C:\Program Files\Greenfoot\lib\bluejeditor.jar;C:\Program Files\Greenfoot\lib\bluejext.jar;C:\Program Files\Greenfoot\lib\AppleJavaExtensions.jar;C:\Program Files\Greenfoot\lib\junit-4.11.jar;C:\Program Files\Greenfoot\lib\hamcrest-core-1.3.jar;C:\Program Files\Greenfoot\lib\bluej.jar;C:\Program Files\Greenfoot\lib\diffutils-1.2.1.jar;C:\Program Files\Greenfoot\lib\commons-httpclient-3.1.jar;C:\Program Files\Greenfoot\lib\commons-logging-api-1.1.2.jar;C:\Program Files\Greenfoot\lib\commons-codec-1.3.jar;C:\Program Files\Greenfoot\lib\jl1.0.1.jar;C:\Program Files\Greenfoot\lib\opencsv-2.3.jar;C:\Program Files\Greenfoot\lib\xom-1.2.9.jar;C:\Program Files\Greenfoot\lib\lang-stride.jar;C:\Program Files\Greenfoot\lib\guava-17.0.jar;C:\Program Files\Greenfoot\lib\javassist-3.18.0.jar;C:\Program Files\Greenfoot\lib\commons-vfs2-2.0.jar;C:\Program Files\Greenfoot\lib\httpclient-4.1.1.jar;C:\Program Files\Greenfoot\lib\httpcore-4.1.jar;C:\Program Files\Greenfoot\lib\httpmime-4.1.1.jar
Launcher Type: SUN_STANDARD

Environment Variables:
PATH=C:\ProgramData\Oracle\Java\javapath;C:\Windows\system32;C:\Windows;C:\Windows\System32\Wbem;C:\Windows\System32\WindowsPowerShell\v1.0\;C:\Program Files\Common Files\Netop\;C:\Program Files\Netop\Vision\XL\;C:\Programs\CS\javasdk\jdk\bin\
USERNAME=skagawa188
OS=Windows_NT
PROCESSOR_IDENTIFIER=x86 Family 6 Model 58 Stepping 9, GenuineIntel



---------------  S Y S T E M  ---------------

OS: Windows 7 Build 7601 (6.1.7601.23392)

CPU:total 4 (4 cores per cpu, 1 threads per core) family 6 model 58 stepping 9, cmov, cx8, fxsr, mmx, sse, sse2, sse3, ssse3, sse4.1, sse4.2, popcnt, avx, aes, clmul, erms, tsc, tscinvbit, tscinv

Memory: 4k page, physical 3579988k(990964k free), swap 7158260k(2849404k free)

vm_info: Java HotSpot(TM) Client VM (25.111-b14) for windows-x86 JRE (1.8.0_111-b14), built on Sep 22 2016 18:54:33 by "java_re" with MS VC++ 10.0 (VS2010)

time: Fri Apr 07 10:23:33 2017
elapsed time: 30 seconds (0d 0h 0m 30s)

